
**** Clean-only build of configuration Debug for project HyperloopTM4C ****

"C:\\TICCS\\ccsv7\\utils\\bin\\gmake" -k clean 
DEL /F  "HyperloopTM4C.bin"  "HyperloopTM4C.out" 
DEL /F "hello.obj" "startup_ccs.obj" "drivers\pinout.obj" "utils\uartstdio.obj" 
DEL /F "hello.d" "startup_ccs.d" "drivers\pinout.d" "utils\uartstdio.d" 
Could Not Find C:\Users\Matthew\Documents\UT\HypeloopWS\HyperloopTM4C\Debug\HyperloopTM4C.bin
'Finished clean'
' '

**** Build Finished ****

**** Clean-only build of configuration Debug for project HyperloopTM4C ****

"C:\\TICCS\\ccsv7\\utils\\bin\\gmake" -k clean 
DEL /F  "HyperloopTM4C.bin"  "HyperloopTM4C.out" 
DEL /F "hello.obj" "startup_ccs.obj" "drivers\pinout.obj" "utils\uartstdio.obj" 
DEL /F "hello.d" "startup_ccs.d" "drivers\pinout.d" "utils\uartstdio.d" 
Could Not Find C:\Users\Matthew\Documents\UT\HypeloopWS\HyperloopTM4C\Debug\HyperloopTM4C.bin
Could Not Find C:\Users\Matthew\Documents\UT\HypeloopWS\HyperloopTM4C\Debug\hello.obj
Could Not Find C:\Users\Matthew\Documents\UT\HypeloopWS\HyperloopTM4C\Debug\drivers\pinout.obj
Could Not Find C:\Users\Matthew\Documents\UT\HypeloopWS\HyperloopTM4C\Debug\utils\uartstdio.obj
Could Not Find C:\Users\Matthew\Documents\UT\HypeloopWS\HyperloopTM4C\Debug\hello.d
Could Not Find C:\Users\Matthew\Documents\UT\HypeloopWS\HyperloopTM4C\Debug\drivers\pinout.d
Could Not Find C:\Users\Matthew\Documents\UT\HypeloopWS\HyperloopTM4C\Debug\utils\uartstdio.d
'Finished clean'
' '

**** Build Finished ****

**** Build of configuration Debug for project HyperloopTM4C ****

"C:\\TICCS\\ccsv7\\utils\\bin\\gmake" -k all 
'Building file: ../hello.c'
'Invoking: ARM Compiler'
"C:/TICCS/ccsv7/tools/compiler/ti-cgt-arm_16.9.2.LTS/bin/armcl" -mv7M4 --code_state=16 --float_support=FPv4SPD16 -me -O2 --include_path="C:/TICCS/ccsv7/tools/compiler/ti-cgt-arm_16.9.2.LTS/include" --include_path="C:/TICCS/TM4C1294XL Kit/examples/boards/ek-tm4c1294xl" --include_path="C:/TICCS/TM4C1294XL Kit" --advice:power=all --define=ccs="ccs" --define=PART_TM4C1294NCPDT --define=TARGET_IS_TM4C129_RA0 -g --gcc --diag_warning=225 --diag_wrap=off --display_error_number --gen_func_subsections=on --abi=eabi --ual --preproc_with_compile --preproc_dependency="hello.d"  "../hello.c"
'Finished building: ../hello.c'
' '
'Building file: ../startup_ccs.c'
'Invoking: ARM Compiler'
"C:/TICCS/ccsv7/tools/compiler/ti-cgt-arm_16.9.2.LTS/bin/armcl" -mv7M4 --code_state=16 --float_support=FPv4SPD16 -me -O2 --include_path="C:/TICCS/ccsv7/tools/compiler/ti-cgt-arm_16.9.2.LTS/include" --include_path="C:/TICCS/TM4C1294XL Kit/examples/boards/ek-tm4c1294xl" --include_path="C:/TICCS/TM4C1294XL Kit" --advice:power=all --define=ccs="ccs" --define=PART_TM4C1294NCPDT --define=TARGET_IS_TM4C129_RA0 -g --gcc --diag_warning=225 --diag_wrap=off --display_error_number --gen_func_subsections=on --abi=eabi --ual --preproc_with_compile --preproc_dependency="startup_ccs.d"  "../startup_ccs.c"
"../startup_ccs.c", line 229: remark #1527-D: (ULP 2.1) Detected SW delay loop using empty loop. Recommend using a timer module instead
"../startup_ccs.c", line 247: remark #1527-D: (ULP 2.1) Detected SW delay loop using empty loop. Recommend using a timer module instead
"../startup_ccs.c", line 265: remark #1527-D: (ULP 2.1) Detected SW delay loop using empty loop. Recommend using a timer module instead
'Finished building: ../startup_ccs.c'
' '
'Building file: C:/TICCS/TM4C1294XL Kit/examples/boards/ek-tm4c1294xl/drivers/pinout.c'
'Invoking: ARM Compiler'
"C:/TICCS/ccsv7/tools/compiler/ti-cgt-arm_16.9.2.LTS/bin/armcl" -mv7M4 --code_state=16 --float_support=FPv4SPD16 -me -O2 --include_path="C:/TICCS/ccsv7/tools/compiler/ti-cgt-arm_16.9.2.LTS/include" --include_path="C:/TICCS/TM4C1294XL Kit/examples/boards/ek-tm4c1294xl" --include_path="C:/TICCS/TM4C1294XL Kit" --advice:power=all --define=ccs="ccs" --define=PART_TM4C1294NCPDT --define=TARGET_IS_TM4C129_RA0 -g --gcc --diag_warning=225 --diag_wrap=off --display_error_number --gen_func_subsections=on --abi=eabi --ual --preproc_with_compile --preproc_dependency="drivers/pinout.d" --obj_directory="drivers"  "C:/TICCS/TM4C1294XL Kit/examples/boards/ek-tm4c1294xl/drivers/pinout.c"
'Finished building: C:/TICCS/TM4C1294XL Kit/examples/boards/ek-tm4c1294xl/drivers/pinout.c'
' '
'Building file: C:/TICCS/TM4C1294XL Kit/utils/uartstdio.c'
'Invoking: ARM Compiler'
"C:/TICCS/ccsv7/tools/compiler/ti-cgt-arm_16.9.2.LTS/bin/armcl" -mv7M4 --code_state=16 --float_support=FPv4SPD16 -me -O2 --include_path="C:/TICCS/ccsv7/tools/compiler/ti-cgt-arm_16.9.2.LTS/include" --include_path="C:/TICCS/TM4C1294XL Kit/examples/boards/ek-tm4c1294xl" --include_path="C:/TICCS/TM4C1294XL Kit" --advice:power=all --define=ccs="ccs" --define=PART_TM4C1294NCPDT --define=TARGET_IS_TM4C129_RA0 -g --gcc --diag_warning=225 --diag_wrap=off --display_error_number --gen_func_subsections=on --abi=eabi --ual --preproc_with_compile --preproc_dependency="utils/uartstdio.d" --obj_directory="utils"  "C:/TICCS/TM4C1294XL Kit/utils/uartstdio.c"
"C:/TICCS/TM4C1294XL Kit/utils/uartstdio.c", line 668: remark #2623-D: (ULP 5.4) Detected an assignment to a type with size less than int. To avoid unnecessary sign extension, use int-sized types for local varaibles and convert to smaller types for static storage.
"C:/TICCS/TM4C1294XL Kit/utils/uartstdio.c", line 878: remark #1527-D: (ULP 2.1) Detected SW delay loop using empty loop. Recommend using a timer module instead
"C:/TICCS/TM4C1294XL Kit/utils/uartstdio.c", line 1044: remark #1527-D: (ULP 2.1) Detected SW delay loop using empty loop. Recommend using a timer module instead
"C:/TICCS/TM4C1294XL Kit/utils/uartstdio.c", line 1139: remark #1527-D: (ULP 2.1) Detected SW delay loop using empty loop. Recommend using a timer module instead
"C:/TICCS/TM4C1294XL Kit/utils/uartstdio.c", line 134: remark #1534-D: (ULP 7.1) Detected use of global variable "g_pcHex" within one function "UARTvprintf". Recommend placing variable in the function locally
'Finished building: C:/TICCS/TM4C1294XL Kit/utils/uartstdio.c'
' '
'Building target: HyperloopTM4C.out'
'Invoking: ARM Linker'
"C:/TICCS/ccsv7/tools/compiler/ti-cgt-arm_16.9.2.LTS/bin/armcl" -mv7M4 --code_state=16 --float_support=FPv4SPD16 -me -O2 --advice:power=all --define=ccs="ccs" --define=PART_TM4C1294NCPDT --define=TARGET_IS_TM4C129_RA0 -g --gcc --diag_warning=225 --diag_wrap=off --display_error_number --gen_func_subsections=on --abi=eabi --ual -z -m"hello_ccs.map" --heap_size=0 --stack_size=512 -i"C:/TICCS/ccsv7/tools/compiler/ti-cgt-arm_16.9.2.LTS/lib" -i"C:/TICCS/ccsv7/tools/compiler/ti-cgt-arm_16.9.2.LTS/include" --reread_libs --diag_wrap=off --display_error_number --warn_sections --xml_link_info="HyperloopTM4C_linkInfo.xml" --rom_model -o "HyperloopTM4C.out" "./hello.obj" "./startup_ccs.obj" "./drivers/pinout.obj" "./utils/uartstdio.obj" "../hello_ccs.cmd"  -llibc.a -l"C:/TICCS/TM4C1294XL Kit/driverlib/ccs/Debug/driverlib.lib" 
<Linking>
remark #10371-D: (ULP 1.1) Detected no uses of low power mode state changing instructions
'Finished building target: HyperloopTM4C.out'
' '
"C:/TICCS/ccsv7/utils/tiobj2bin/tiobj2bin" "HyperloopTM4C.out" "HyperloopTM4C.bin" "C:/TICCS/ccsv7/tools/compiler/ti-cgt-arm_16.9.2.LTS/bin/armofd" "C:/TICCS/ccsv7/tools/compiler/ti-cgt-arm_16.9.2.LTS/bin/armhex" "C:/TICCS/ccsv7/utils/tiobj2bin/mkhex4bin"
' '

**** Build Finished ****

**** Build of configuration Debug for project blinky ****

"C:\\TICCS\\ccsv7\\utils\\bin\\gmake" -k all 
gmake: Nothing to be done for 'all'.

**** Build Finished ****

**** Build of configuration Debug for project driverlib ****

"C:\\TICCS\\ccsv7\\utils\\bin\\gmake" -k all 
gmake: Nothing to be done for 'all'.

**** Build Finished ****

**** Build of configuration Debug for project hello ****

"C:\\TICCS\\ccsv7\\utils\\bin\\gmake" -k all 
gmake: Nothing to be done for 'all'.

**** Build Finished ****

**** Build of configuration Debug for project HyperloopTM4C ****

"C:\\TICCS\\ccsv7\\utils\\bin\\gmake" -k all 
gmake: Nothing to be done for 'all'.

**** Build Finished ****

**** Build of configuration Debug for project HyperloopTM4C ****

"C:\\TICCS\\ccsv7\\utils\\bin\\gmake" -k all 
'Building file: ../hello.c'
'Invoking: ARM Compiler'
"C:/TICCS/ccsv7/tools/compiler/ti-cgt-arm_16.9.2.LTS/bin/armcl" -mv7M4 --code_state=16 --float_support=FPv4SPD16 -me -O2 --include_path="C:/TICCS/ccsv7/tools/compiler/ti-cgt-arm_16.9.2.LTS/include" --include_path="C:/TICCS/TM4C1294XL Kit/examples/boards/ek-tm4c1294xl" --include_path="C:/TICCS/TM4C1294XL Kit" --advice:power=all --define=ccs="ccs" --define=PART_TM4C1294NCPDT --define=TARGET_IS_TM4C129_RA0 -g --gcc --diag_warning=225 --diag_wrap=off --display_error_number --gen_func_subsections=on --abi=eabi --ual --preproc_with_compile --preproc_dependency="hello.d"  "../hello.c"
'Finished building: ../hello.c'
' '
'Building target: HyperloopTM4C.out'
'Invoking: ARM Linker'
"C:/TICCS/ccsv7/tools/compiler/ti-cgt-arm_16.9.2.LTS/bin/armcl" -mv7M4 --code_state=16 --float_support=FPv4SPD16 -me -O2 --advice:power=all --define=ccs="ccs" --define=PART_TM4C1294NCPDT --define=TARGET_IS_TM4C129_RA0 -g --gcc --diag_warning=225 --diag_wrap=off --display_error_number --gen_func_subsections=on --abi=eabi --ual -z -m"hello_ccs.map" --heap_size=0 --stack_size=512 -i"C:/TICCS/ccsv7/tools/compiler/ti-cgt-arm_16.9.2.LTS/lib" -i"C:/TICCS/ccsv7/tools/compiler/ti-cgt-arm_16.9.2.LTS/include" --reread_libs --diag_wrap=off --display_error_number --warn_sections --xml_link_info="HyperloopTM4C_linkInfo.xml" --rom_model -o "HyperloopTM4C.out" "./hello.obj" "./startup_ccs.obj" "./drivers/pinout.obj" "./utils/uartstdio.obj" "../hello_ccs.cmd"  -llibc.a -l"C:/TICCS/TM4C1294XL Kit/driverlib/ccs/Debug/driverlib.lib" 
<Linking>
remark #10371-D: (ULP 1.1) Detected no uses of low power mode state changing instructions
'Finished building target: HyperloopTM4C.out'
' '
"C:/TICCS/ccsv7/utils/tiobj2bin/tiobj2bin" "HyperloopTM4C.out" "HyperloopTM4C.bin" "C:/TICCS/ccsv7/tools/compiler/ti-cgt-arm_16.9.2.LTS/bin/armofd" "C:/TICCS/ccsv7/tools/compiler/ti-cgt-arm_16.9.2.LTS/bin/armhex" "C:/TICCS/ccsv7/utils/tiobj2bin/mkhex4bin"
' '

**** Build Finished ****

**** Build of configuration Debug for project HyperloopTM4C ****

"C:\\TICCS\\ccsv7\\utils\\bin\\gmake" -k all 
'Building file: ../hello.c'
'Invoking: ARM Compiler'
"C:/TICCS/ccsv7/tools/compiler/ti-cgt-arm_16.9.2.LTS/bin/armcl" -mv7M4 --code_state=16 --float_support=FPv4SPD16 -me -O2 --include_path="C:/TICCS/ccsv7/tools/compiler/ti-cgt-arm_16.9.2.LTS/include" --include_path="C:/TICCS/TM4C1294XL Kit/examples/boards/ek-tm4c1294xl" --include_path="C:/TICCS/TM4C1294XL Kit" --advice:power=all --define=ccs="ccs" --define=PART_TM4C1294NCPDT --define=TARGET_IS_TM4C129_RA0 -g --gcc --diag_warning=225 --diag_wrap=off --display_error_number --gen_func_subsections=on --abi=eabi --ual --preproc_with_compile --preproc_dependency="hello.d"  "../hello.c"
'Finished building: ../hello.c'
' '
'Building file: ../startup_ccs.c'
'Invoking: ARM Compiler'
"C:/TICCS/ccsv7/tools/compiler/ti-cgt-arm_16.9.2.LTS/bin/armcl" -mv7M4 --code_state=16 --float_support=FPv4SPD16 -me -O2 --include_path="C:/TICCS/ccsv7/tools/compiler/ti-cgt-arm_16.9.2.LTS/include" --include_path="C:/TICCS/TM4C1294XL Kit/examples/boards/ek-tm4c1294xl" --include_path="C:/TICCS/TM4C1294XL Kit" --advice:power=all --define=ccs="ccs" --define=PART_TM4C1294NCPDT --define=TARGET_IS_TM4C129_RA0 -g --gcc --diag_warning=225 --diag_wrap=off --display_error_number --gen_func_subsections=on --abi=eabi --ual --preproc_with_compile --preproc_dependency="startup_ccs.d"  "../startup_ccs.c"
"../startup_ccs.c", line 229: remark #1527-D: (ULP 2.1) Detected SW delay loop using empty loop. Recommend using a timer module instead
"../startup_ccs.c", line 247: remark #1527-D: (ULP 2.1) Detected SW delay loop using empty loop. Recommend using a timer module instead
"../startup_ccs.c", line 265: remark #1527-D: (ULP 2.1) Detected SW delay loop using empty loop. Recommend using a timer module instead
'Finished building: ../startup_ccs.c'
' '
'Building file: C:/TICCS/TM4C1294XL Kit/examples/boards/ek-tm4c1294xl/drivers/pinout.c'
'Invoking: ARM Compiler'
"C:/TICCS/ccsv7/tools/compiler/ti-cgt-arm_16.9.2.LTS/bin/armcl" -mv7M4 --code_state=16 --float_support=FPv4SPD16 -me -O2 --include_path="C:/TICCS/ccsv7/tools/compiler/ti-cgt-arm_16.9.2.LTS/include" --include_path="C:/TICCS/TM4C1294XL Kit/examples/boards/ek-tm4c1294xl" --include_path="C:/TICCS/TM4C1294XL Kit" --advice:power=all --define=ccs="ccs" --define=PART_TM4C1294NCPDT --define=TARGET_IS_TM4C129_RA0 -g --gcc --diag_warning=225 --diag_wrap=off --display_error_number --gen_func_subsections=on --abi=eabi --ual --preproc_with_compile --preproc_dependency="drivers/pinout.d" --obj_directory="drivers"  "C:/TICCS/TM4C1294XL Kit/examples/boards/ek-tm4c1294xl/drivers/pinout.c"
'Finished building: C:/TICCS/TM4C1294XL Kit/examples/boards/ek-tm4c1294xl/drivers/pinout.c'
' '
'Building file: C:/TICCS/TM4C1294XL Kit/utils/uartstdio.c'
'Invoking: ARM Compiler'
"C:/TICCS/ccsv7/tools/compiler/ti-cgt-arm_16.9.2.LTS/bin/armcl" -mv7M4 --code_state=16 --float_support=FPv4SPD16 -me -O2 --include_path="C:/TICCS/ccsv7/tools/compiler/ti-cgt-arm_16.9.2.LTS/include" --include_path="C:/TICCS/TM4C1294XL Kit/examples/boards/ek-tm4c1294xl" --include_path="C:/TICCS/TM4C1294XL Kit" --advice:power=all --define=ccs="ccs" --define=PART_TM4C1294NCPDT --define=TARGET_IS_TM4C129_RA0 -g --gcc --diag_warning=225 --diag_wrap=off --display_error_number --gen_func_subsections=on --abi=eabi --ual --preproc_with_compile --preproc_dependency="utils/uartstdio.d" --obj_directory="utils"  "C:/TICCS/TM4C1294XL Kit/utils/uartstdio.c"
"C:/TICCS/TM4C1294XL Kit/utils/uartstdio.c", line 668: remark #2623-D: (ULP 5.4) Detected an assignment to a type with size less than int. To avoid unnecessary sign extension, use int-sized types for local varaibles and convert to smaller types for static storage.
"C:/TICCS/TM4C1294XL Kit/utils/uartstdio.c", line 878: remark #1527-D: (ULP 2.1) Detected SW delay loop using empty loop. Recommend using a timer module instead
"C:/TICCS/TM4C1294XL Kit/utils/uartstdio.c", line 1044: remark #1527-D: (ULP 2.1) Detected SW delay loop using empty loop. Recommend using a timer module instead
"C:/TICCS/TM4C1294XL Kit/utils/uartstdio.c", line 1139: remark #1527-D: (ULP 2.1) Detected SW delay loop using empty loop. Recommend using a timer module instead
"C:/TICCS/TM4C1294XL Kit/utils/uartstdio.c", line 134: remark #1534-D: (ULP 7.1) Detected use of global variable "g_pcHex" within one function "UARTvprintf". Recommend placing variable in the function locally
'Finished building: C:/TICCS/TM4C1294XL Kit/utils/uartstdio.c'
' '
'Building target: HyperloopTM4C.out'
'Invoking: ARM Linker'
"C:/TICCS/ccsv7/tools/compiler/ti-cgt-arm_16.9.2.LTS/bin/armcl" -mv7M4 --code_state=16 --float_support=FPv4SPD16 -me -O2 --advice:power=all --define=ccs="ccs" --define=PART_TM4C1294NCPDT --define=TARGET_IS_TM4C129_RA0 -g --gcc --diag_warning=225 --diag_wrap=off --display_error_number --gen_func_subsections=on --abi=eabi --ual -z -m"hello_ccs.map" --heap_size=0 --stack_size=512 -i"C:/TICCS/ccsv7/tools/compiler/ti-cgt-arm_16.9.2.LTS/lib" -i"C:/TICCS/ccsv7/tools/compiler/ti-cgt-arm_16.9.2.LTS/include" --reread_libs --diag_wrap=off --display_error_number --warn_sections --xml_link_info="HyperloopTM4C_linkInfo.xml" --rom_model -o "HyperloopTM4C.out" "./hello.obj" "./startup_ccs.obj" "./drivers/pinout.obj" "./utils/uartstdio.obj" "../hello_ccs.cmd"  -llibc.a -l"C:/TICCS/TM4C1294XL Kit/driverlib/ccs/Debug/driverlib.lib" 
<Linking>
remark #10371-D: (ULP 1.1) Detected no uses of low power mode state changing instructions
'Finished building target: HyperloopTM4C.out'
' '
"C:/TICCS/ccsv7/utils/tiobj2bin/tiobj2bin" "HyperloopTM4C.out" "HyperloopTM4C.bin" "C:/TICCS/ccsv7/tools/compiler/ti-cgt-arm_16.9.2.LTS/bin/armofd" "C:/TICCS/ccsv7/tools/compiler/ti-cgt-arm_16.9.2.LTS/bin/armhex" "C:/TICCS/ccsv7/utils/tiobj2bin/mkhex4bin"
' '

**** Build Finished ****

**** Build of configuration Debug for project blinky ****

"C:\\TICCS\\ccsv7\\utils\\bin\\gmake" -k all 
gmake: Nothing to be done for 'all'.

**** Build Finished ****

**** Build of configuration Debug for project driverlib ****

"C:\\TICCS\\ccsv7\\utils\\bin\\gmake" -k all 
gmake: Nothing to be done for 'all'.

**** Build Finished ****

**** Build of configuration Debug for project hello ****

"C:\\TICCS\\ccsv7\\utils\\bin\\gmake" -k all 
gmake: Nothing to be done for 'all'.

**** Build Finished ****

**** Build of configuration Debug for project HyperloopTM4C ****

"C:\\TICCS\\ccsv7\\utils\\bin\\gmake" -k all 
'Building file: ../HyperloopTM4C.c'
'Invoking: ARM Compiler'
"C:/TICCS/ccsv7/tools/compiler/ti-cgt-arm_16.9.2.LTS/bin/armcl" -mv7M4 --code_state=16 --float_support=FPv4SPD16 -me -O2 --include_path="C:/TICCS/ccsv7/tools/compiler/ti-cgt-arm_16.9.2.LTS/include" --include_path="C:/TICCS/TM4C1294XL Kit/examples/boards/ek-tm4c1294xl" --include_path="C:/TICCS/TM4C1294XL Kit" --advice:power=all --define=ccs="ccs" --define=PART_TM4C1294NCPDT --define=TARGET_IS_TM4C129_RA0 -g --gcc --diag_warning=225 --diag_wrap=off --display_error_number --gen_func_subsections=on --abi=eabi --ual --preproc_with_compile --preproc_dependency="HyperloopTM4C.d"  "../HyperloopTM4C.c"
'Finished building: ../HyperloopTM4C.c'
' '
'Building file: ../startup_ccs.c'
'Invoking: ARM Compiler'
"C:/TICCS/ccsv7/tools/compiler/ti-cgt-arm_16.9.2.LTS/bin/armcl" -mv7M4 --code_state=16 --float_support=FPv4SPD16 -me -O2 --include_path="C:/TICCS/ccsv7/tools/compiler/ti-cgt-arm_16.9.2.LTS/include" --include_path="C:/TICCS/TM4C1294XL Kit/examples/boards/ek-tm4c1294xl" --include_path="C:/TICCS/TM4C1294XL Kit" --advice:power=all --define=ccs="ccs" --define=PART_TM4C1294NCPDT --define=TARGET_IS_TM4C129_RA0 -g --gcc --diag_warning=225 --diag_wrap=off --display_error_number --gen_func_subsections=on --abi=eabi --ual --preproc_with_compile --preproc_dependency="startup_ccs.d"  "../startup_ccs.c"
"../startup_ccs.c", line 229: remark #1527-D: (ULP 2.1) Detected SW delay loop using empty loop. Recommend using a timer module instead
"../startup_ccs.c", line 247: remark #1527-D: (ULP 2.1) Detected SW delay loop using empty loop. Recommend using a timer module instead
"../startup_ccs.c", line 265: remark #1527-D: (ULP 2.1) Detected SW delay loop using empty loop. Recommend using a timer module instead
'Finished building: ../startup_ccs.c'
' '
'Building file: C:/TICCS/TM4C1294XL Kit/examples/boards/ek-tm4c1294xl/drivers/pinout.c'
'Invoking: ARM Compiler'
"C:/TICCS/ccsv7/tools/compiler/ti-cgt-arm_16.9.2.LTS/bin/armcl" -mv7M4 --code_state=16 --float_support=FPv4SPD16 -me -O2 --include_path="C:/TICCS/ccsv7/tools/compiler/ti-cgt-arm_16.9.2.LTS/include" --include_path="C:/TICCS/TM4C1294XL Kit/examples/boards/ek-tm4c1294xl" --include_path="C:/TICCS/TM4C1294XL Kit" --advice:power=all --define=ccs="ccs" --define=PART_TM4C1294NCPDT --define=TARGET_IS_TM4C129_RA0 -g --gcc --diag_warning=225 --diag_wrap=off --display_error_number --gen_func_subsections=on --abi=eabi --ual --preproc_with_compile --preproc_dependency="drivers/pinout.d" --obj_directory="drivers"  "C:/TICCS/TM4C1294XL Kit/examples/boards/ek-tm4c1294xl/drivers/pinout.c"
'Finished building: C:/TICCS/TM4C1294XL Kit/examples/boards/ek-tm4c1294xl/drivers/pinout.c'
' '
'Building file: C:/TICCS/TM4C1294XL Kit/utils/uartstdio.c'
'Invoking: ARM Compiler'
"C:/TICCS/ccsv7/tools/compiler/ti-cgt-arm_16.9.2.LTS/bin/armcl" -mv7M4 --code_state=16 --float_support=FPv4SPD16 -me -O2 --include_path="C:/TICCS/ccsv7/tools/compiler/ti-cgt-arm_16.9.2.LTS/include" --include_path="C:/TICCS/TM4C1294XL Kit/examples/boards/ek-tm4c1294xl" --include_path="C:/TICCS/TM4C1294XL Kit" --advice:power=all --define=ccs="ccs" --define=PART_TM4C1294NCPDT --define=TARGET_IS_TM4C129_RA0 -g --gcc --diag_warning=225 --diag_wrap=off --display_error_number --gen_func_subsections=on --abi=eabi --ual --preproc_with_compile --preproc_dependency="utils/uartstdio.d" --obj_directory="utils"  "C:/TICCS/TM4C1294XL Kit/utils/uartstdio.c"
"C:/TICCS/TM4C1294XL Kit/utils/uartstdio.c", line 668: remark #2623-D: (ULP 5.4) Detected an assignment to a type with size less than int. To avoid unnecessary sign extension, use int-sized types for local varaibles and convert to smaller types for static storage.
"C:/TICCS/TM4C1294XL Kit/utils/uartstdio.c", line 878: remark #1527-D: (ULP 2.1) Detected SW delay loop using empty loop. Recommend using a timer module instead
"C:/TICCS/TM4C1294XL Kit/utils/uartstdio.c", line 1044: remark #1527-D: (ULP 2.1) Detected SW delay loop using empty loop. Recommend using a timer module instead
"C:/TICCS/TM4C1294XL Kit/utils/uartstdio.c", line 1139: remark #1527-D: (ULP 2.1) Detected SW delay loop using empty loop. Recommend using a timer module instead
"C:/TICCS/TM4C1294XL Kit/utils/uartstdio.c", line 134: remark #1534-D: (ULP 7.1) Detected use of global variable "g_pcHex" within one function "UARTvprintf". Recommend placing variable in the function locally
'Finished building: C:/TICCS/TM4C1294XL Kit/utils/uartstdio.c'
' '
'Building target: HyperloopTM4C.out'
'Invoking: ARM Linker'
"C:/TICCS/ccsv7/tools/compiler/ti-cgt-arm_16.9.2.LTS/bin/armcl" -mv7M4 --code_state=16 --float_support=FPv4SPD16 -me -O2 --advice:power=all --define=ccs="ccs" --define=PART_TM4C1294NCPDT --define=TARGET_IS_TM4C129_RA0 -g --gcc --diag_warning=225 --diag_wrap=off --display_error_number --gen_func_subsections=on --abi=eabi --ual -z -m"hello_ccs.map" --heap_size=0 --stack_size=512 -i"C:/TICCS/ccsv7/tools/compiler/ti-cgt-arm_16.9.2.LTS/lib" -i"C:/TICCS/ccsv7/tools/compiler/ti-cgt-arm_16.9.2.LTS/include" --reread_libs --diag_wrap=off --display_error_number --warn_sections --xml_link_info="HyperloopTM4C_linkInfo.xml" --rom_model -o "HyperloopTM4C.out" "./HyperloopTM4C.obj" "./startup_ccs.obj" "./drivers/pinout.obj" "./utils/uartstdio.obj" "../HyperloopTM4C_ccs.cmd"  -llibc.a -l"C:/TICCS/TM4C1294XL Kit/driverlib/ccs/Debug/driverlib.lib" 
<Linking>
remark #10371-D: (ULP 1.1) Detected no uses of low power mode state changing instructions
'Finished building target: HyperloopTM4C.out'
' '
"C:/TICCS/ccsv7/utils/tiobj2bin/tiobj2bin" "HyperloopTM4C.out" "HyperloopTM4C.bin" "C:/TICCS/ccsv7/tools/compiler/ti-cgt-arm_16.9.2.LTS/bin/armofd" "C:/TICCS/ccsv7/tools/compiler/ti-cgt-arm_16.9.2.LTS/bin/armhex" "C:/TICCS/ccsv7/utils/tiobj2bin/mkhex4bin"
' '

**** Build Finished ****

**** Build of configuration Debug for project blinky ****

"C:\\TICCS\\ccsv7\\utils\\bin\\gmake" -k all 
gmake: Nothing to be done for 'all'.

**** Build Finished ****

**** Build of configuration Debug for project driverlib ****

"C:\\TICCS\\ccsv7\\utils\\bin\\gmake" -k all 
gmake: Nothing to be done for 'all'.

**** Build Finished ****

**** Build of configuration Debug for project hello ****

"C:\\TICCS\\ccsv7\\utils\\bin\\gmake" -k all 
gmake: Nothing to be done for 'all'.

**** Build Finished ****

**** Build of configuration Debug for project HyperloopTM4C ****

"C:\\TICCS\\ccsv7\\utils\\bin\\gmake" -k all 
'Building file: ../main.c'
'Invoking: ARM Compiler'
"C:/TICCS/ccsv7/tools/compiler/ti-cgt-arm_16.9.2.LTS/bin/armcl" -mv7M4 --code_state=16 --float_support=FPv4SPD16 -me -O2 --include_path="C:/TICCS/ccsv7/tools/compiler/ti-cgt-arm_16.9.2.LTS/include" --include_path="C:/TICCS/TM4C1294XL Kit/examples/boards/ek-tm4c1294xl" --include_path="C:/TICCS/TM4C1294XL Kit" --advice:power=all --define=ccs="ccs" --define=PART_TM4C1294NCPDT --define=TARGET_IS_TM4C129_RA0 -g --gcc --diag_warning=225 --diag_wrap=off --display_error_number --gen_func_subsections=on --abi=eabi --ual --preproc_with_compile --preproc_dependency="main.d"  "../main.c"
'Finished building: ../main.c'
' '
'Building target: HyperloopTM4C.out'
'Invoking: ARM Linker'
"C:/TICCS/ccsv7/tools/compiler/ti-cgt-arm_16.9.2.LTS/bin/armcl" -mv7M4 --code_state=16 --float_support=FPv4SPD16 -me -O2 --advice:power=all --define=ccs="ccs" --define=PART_TM4C1294NCPDT --define=TARGET_IS_TM4C129_RA0 -g --gcc --diag_warning=225 --diag_wrap=off --display_error_number --gen_func_subsections=on --abi=eabi --ual -z -m"hello_ccs.map" --heap_size=0 --stack_size=512 -i"C:/TICCS/ccsv7/tools/compiler/ti-cgt-arm_16.9.2.LTS/lib" -i"C:/TICCS/ccsv7/tools/compiler/ti-cgt-arm_16.9.2.LTS/include" --reread_libs --diag_wrap=off --display_error_number --warn_sections --xml_link_info="HyperloopTM4C_linkInfo.xml" --rom_model -o "HyperloopTM4C.out" "./main.obj" "./startup_ccs.obj" "./drivers/pinout.obj" "./utils/uartstdio.obj" "../HyperloopTM4C_ccs.cmd"  -llibc.a -l"C:/TICCS/TM4C1294XL Kit/driverlib/ccs/Debug/driverlib.lib" 
<Linking>
remark #10371-D: (ULP 1.1) Detected no uses of low power mode state changing instructions
'Finished building target: HyperloopTM4C.out'
' '
"C:/TICCS/ccsv7/utils/tiobj2bin/tiobj2bin" "HyperloopTM4C.out" "HyperloopTM4C.bin" "C:/TICCS/ccsv7/tools/compiler/ti-cgt-arm_16.9.2.LTS/bin/armofd" "C:/TICCS/ccsv7/tools/compiler/ti-cgt-arm_16.9.2.LTS/bin/armhex" "C:/TICCS/ccsv7/utils/tiobj2bin/mkhex4bin"
' '

**** Build Finished ****

**** Build of configuration Debug for project blinky ****

"C:\\TICCS\\ccsv7\\utils\\bin\\gmake" -k all 
gmake: Nothing to be done for 'all'.

**** Build Finished ****

**** Build of configuration Debug for project driverlib ****

"C:\\TICCS\\ccsv7\\utils\\bin\\gmake" -k all 
gmake: Nothing to be done for 'all'.

**** Build Finished ****

**** Build of configuration Debug for project hello ****

"C:\\TICCS\\ccsv7\\utils\\bin\\gmake" -k all 
gmake: Nothing to be done for 'all'.

**** Build Finished ****

**** Build of configuration Debug for project HyperloopTM4C ****

"C:\\TICCS\\ccsv7\\utils\\bin\\gmake" -k all 
gmake: Nothing to be done for 'all'.

**** Build Finished ****

**** Build of configuration Debug for project HyperloopTM4C ****

"C:\\TICCS\\ccsv7\\utils\\bin\\gmake" -k all 
'Building file: ../startup_ccs.c'
'Invoking: ARM Compiler'
"C:/TICCS/ccsv7/tools/compiler/ti-cgt-arm_16.9.2.LTS/bin/armcl" -mv7M4 --code_state=16 --float_support=FPv4SPD16 -me -O2 --include_path="C:/TICCS/ccsv7/tools/compiler/ti-cgt-arm_16.9.2.LTS/include" --include_path="C:/TICCS/TM4C1294XL Kit/examples/boards/ek-tm4c1294xl" --include_path="C:/TICCS/TM4C1294XL Kit" --advice:power=all --define=ccs="ccs" --define=PART_TM4C1294NCPDT --define=TARGET_IS_TM4C129_RA0 -g --gcc --diag_warning=225 --diag_wrap=off --display_error_number --gen_func_subsections=on --abi=eabi --ual --preproc_with_compile --preproc_dependency="startup_ccs.d"  "../startup_ccs.c"
"../startup_ccs.c", line 229: remark #1527-D: (ULP 2.1) Detected SW delay loop using empty loop. Recommend using a timer module instead
"../startup_ccs.c", line 247: remark #1527-D: (ULP 2.1) Detected SW delay loop using empty loop. Recommend using a timer module instead
"../startup_ccs.c", line 265: remark #1527-D: (ULP 2.1) Detected SW delay loop using empty loop. Recommend using a timer module instead
'Finished building: ../startup_ccs.c'
' '
'Building file: C:/TICCS/TM4C1294XL Kit/examples/boards/ek-tm4c1294xl/drivers/pinout.c'
'Invoking: ARM Compiler'
"C:/TICCS/ccsv7/tools/compiler/ti-cgt-arm_16.9.2.LTS/bin/armcl" -mv7M4 --code_state=16 --float_support=FPv4SPD16 -me -O2 --include_path="C:/TICCS/ccsv7/tools/compiler/ti-cgt-arm_16.9.2.LTS/include" --include_path="C:/TICCS/TM4C1294XL Kit/examples/boards/ek-tm4c1294xl" --include_path="C:/TICCS/TM4C1294XL Kit" --advice:power=all --define=ccs="ccs" --define=PART_TM4C1294NCPDT --define=TARGET_IS_TM4C129_RA0 -g --gcc --diag_warning=225 --diag_wrap=off --display_error_number --gen_func_subsections=on --abi=eabi --ual --preproc_with_compile --preproc_dependency="drivers/pinout.d" --obj_directory="drivers"  "C:/TICCS/TM4C1294XL Kit/examples/boards/ek-tm4c1294xl/drivers/pinout.c"
'Finished building: C:/TICCS/TM4C1294XL Kit/examples/boards/ek-tm4c1294xl/drivers/pinout.c'
' '
'Building file: C:/TICCS/TM4C1294XL Kit/utils/uartstdio.c'
'Invoking: ARM Compiler'
"C:/TICCS/ccsv7/tools/compiler/ti-cgt-arm_16.9.2.LTS/bin/armcl" -mv7M4 --code_state=16 --float_support=FPv4SPD16 -me -O2 --include_path="C:/TICCS/ccsv7/tools/compiler/ti-cgt-arm_16.9.2.LTS/include" --include_path="C:/TICCS/TM4C1294XL Kit/examples/boards/ek-tm4c1294xl" --include_path="C:/TICCS/TM4C1294XL Kit" --advice:power=all --define=ccs="ccs" --define=PART_TM4C1294NCPDT --define=TARGET_IS_TM4C129_RA0 -g --gcc --diag_warning=225 --diag_wrap=off --display_error_number --gen_func_subsections=on --abi=eabi --ual --preproc_with_compile --preproc_dependency="utils/uartstdio.d" --obj_directory="utils"  "C:/TICCS/TM4C1294XL Kit/utils/uartstdio.c"
"C:/TICCS/TM4C1294XL Kit/utils/uartstdio.c", line 668: remark #2623-D: (ULP 5.4) Detected an assignment to a type with size less than int. To avoid unnecessary sign extension, use int-sized types for local varaibles and convert to smaller types for static storage.
"C:/TICCS/TM4C1294XL Kit/utils/uartstdio.c", line 878: remark #1527-D: (ULP 2.1) Detected SW delay loop using empty loop. Recommend using a timer module instead
"C:/TICCS/TM4C1294XL Kit/utils/uartstdio.c", line 1044: remark #1527-D: (ULP 2.1) Detected SW delay loop using empty loop. Recommend using a timer module instead
"C:/TICCS/TM4C1294XL Kit/utils/uartstdio.c", line 1139: remark #1527-D: (ULP 2.1) Detected SW delay loop using empty loop. Recommend using a timer module instead
"C:/TICCS/TM4C1294XL Kit/utils/uartstdio.c", line 134: remark #1534-D: (ULP 7.1) Detected use of global variable "g_pcHex" within one function "UARTvprintf". Recommend placing variable in the function locally
'Finished building: C:/TICCS/TM4C1294XL Kit/utils/uartstdio.c'
' '
'Building file: ../main.c'
'Invoking: ARM Compiler'
"C:/TICCS/ccsv7/tools/compiler/ti-cgt-arm_16.9.2.LTS/bin/armcl" -mv7M4 --code_state=16 --float_support=FPv4SPD16 -me -O2 --include_path="C:/TICCS/ccsv7/tools/compiler/ti-cgt-arm_16.9.2.LTS/include" --include_path="C:/TICCS/TM4C1294XL Kit/examples/boards/ek-tm4c1294xl" --include_path="C:/TICCS/TM4C1294XL Kit" --advice:power=all --define=ccs="ccs" --define=PART_TM4C1294NCPDT --define=TARGET_IS_TM4C129_RA0 -g --gcc --diag_warning=225 --diag_wrap=off --display_error_number --gen_func_subsections=on --abi=eabi --ual --preproc_with_compile --preproc_dependency="main.d"  "../main.c"
'Finished building: ../main.c'
' '
'Building target: HyperloopTM4C.out'
'Invoking: ARM Linker'
"C:/TICCS/ccsv7/tools/compiler/ti-cgt-arm_16.9.2.LTS/bin/armcl" -mv7M4 --code_state=16 --float_support=FPv4SPD16 -me -O2 --advice:power=all --define=ccs="ccs" --define=PART_TM4C1294NCPDT --define=TARGET_IS_TM4C129_RA0 -g --gcc --diag_warning=225 --diag_wrap=off --display_error_number --gen_func_subsections=on --abi=eabi --ual -z -m"hello_ccs.map" --heap_size=0 --stack_size=512 -i"C:/TICCS/ccsv7/tools/compiler/ti-cgt-arm_16.9.2.LTS/lib" -i"C:/TICCS/ccsv7/tools/compiler/ti-cgt-arm_16.9.2.LTS/include" --reread_libs --diag_wrap=off --display_error_number --warn_sections --xml_link_info="HyperloopTM4C_linkInfo.xml" --rom_model -o "HyperloopTM4C.out" "./main.obj" "./startup_ccs.obj" "./drivers/pinout.obj" "./utils/uartstdio.obj" "../HyperloopTM4C_ccs.cmd"  -llibc.a -l"C:/TICCS/TM4C1294XL Kit/driverlib/ccs/Debug/driverlib.lib" 
<Linking>
remark #10371-D: (ULP 1.1) Detected no uses of low power mode state changing instructions
'Finished building target: HyperloopTM4C.out'
' '
"C:/TICCS/ccsv7/utils/tiobj2bin/tiobj2bin" "HyperloopTM4C.out" "HyperloopTM4C.bin" "C:/TICCS/ccsv7/tools/compiler/ti-cgt-arm_16.9.2.LTS/bin/armofd" "C:/TICCS/ccsv7/tools/compiler/ti-cgt-arm_16.9.2.LTS/bin/armhex" "C:/TICCS/ccsv7/utils/tiobj2bin/mkhex4bin"
' '

**** Build Finished ****

**** Build of configuration Debug for project blinky ****

"C:\\TICCS\\ccsv7\\utils\\bin\\gmake" -k all 
gmake: Nothing to be done for 'all'.

**** Build Finished ****

**** Build of configuration Debug for project driverlib ****

"C:\\TICCS\\ccsv7\\utils\\bin\\gmake" -k all 
gmake: Nothing to be done for 'all'.

**** Build Finished ****

**** Build of configuration Debug for project hello ****

"C:\\TICCS\\ccsv7\\utils\\bin\\gmake" -k all 
'Building file: ../hello.c'
'Invoking: ARM Compiler'
"C:/TICCS/ccsv7/tools/compiler/ti-cgt-arm_16.9.2.LTS/bin/armcl" -mv7M4 --code_state=16 --float_support=FPv4SPD16 -me -O2 --include_path="C:/TICCS/ccsv7/tools/compiler/ti-cgt-arm_16.9.2.LTS/include" --include_path="C:/TICCS/TM4C1294XL Kit/examples/boards/ek-tm4c1294xl" --include_path="C:/TICCS/TM4C1294XL Kit" --advice:power=all --define=ccs="ccs" --define=PART_TM4C1294NCPDT --define=TARGET_IS_TM4C129_RA0 -g --gcc --diag_warning=225 --diag_wrap=off --display_error_number --gen_func_subsections=on --abi=eabi --ual --preproc_with_compile --preproc_dependency="hello.d"  "../hello.c"
'Finished building: ../hello.c'
' '
'Building file: ../startup_ccs.c'
'Invoking: ARM Compiler'
"C:/TICCS/ccsv7/tools/compiler/ti-cgt-arm_16.9.2.LTS/bin/armcl" -mv7M4 --code_state=16 --float_support=FPv4SPD16 -me -O2 --include_path="C:/TICCS/ccsv7/tools/compiler/ti-cgt-arm_16.9.2.LTS/include" --include_path="C:/TICCS/TM4C1294XL Kit/examples/boards/ek-tm4c1294xl" --include_path="C:/TICCS/TM4C1294XL Kit" --advice:power=all --define=ccs="ccs" --define=PART_TM4C1294NCPDT --define=TARGET_IS_TM4C129_RA0 -g --gcc --diag_warning=225 --diag_wrap=off --display_error_number --gen_func_subsections=on --abi=eabi --ual --preproc_with_compile --preproc_dependency="startup_ccs.d"  "../startup_ccs.c"
"../startup_ccs.c", line 229: remark #1527-D: (ULP 2.1) Detected SW delay loop using empty loop. Recommend using a timer module instead
"../startup_ccs.c", line 247: remark #1527-D: (ULP 2.1) Detected SW delay loop using empty loop. Recommend using a timer module instead
"../startup_ccs.c", line 265: remark #1527-D: (ULP 2.1) Detected SW delay loop using empty loop. Recommend using a timer module instead
'Finished building: ../startup_ccs.c'
' '
'Building file: C:/TICCS/TM4C1294XL Kit/examples/boards/ek-tm4c1294xl/drivers/pinout.c'
'Invoking: ARM Compiler'
"C:/TICCS/ccsv7/tools/compiler/ti-cgt-arm_16.9.2.LTS/bin/armcl" -mv7M4 --code_state=16 --float_support=FPv4SPD16 -me -O2 --include_path="C:/TICCS/ccsv7/tools/compiler/ti-cgt-arm_16.9.2.LTS/include" --include_path="C:/TICCS/TM4C1294XL Kit/examples/boards/ek-tm4c1294xl" --include_path="C:/TICCS/TM4C1294XL Kit" --advice:power=all --define=ccs="ccs" --define=PART_TM4C1294NCPDT --define=TARGET_IS_TM4C129_RA0 -g --gcc --diag_warning=225 --diag_wrap=off --display_error_number --gen_func_subsections=on --abi=eabi --ual --preproc_with_compile --preproc_dependency="drivers/pinout.d" --obj_directory="drivers"  "C:/TICCS/TM4C1294XL Kit/examples/boards/ek-tm4c1294xl/drivers/pinout.c"
'Finished building: C:/TICCS/TM4C1294XL Kit/examples/boards/ek-tm4c1294xl/drivers/pinout.c'
' '
'Building file: C:/TICCS/TM4C1294XL Kit/utils/uartstdio.c'
'Invoking: ARM Compiler'
"C:/TICCS/ccsv7/tools/compiler/ti-cgt-arm_16.9.2.LTS/bin/armcl" -mv7M4 --code_state=16 --float_support=FPv4SPD16 -me -O2 --include_path="C:/TICCS/ccsv7/tools/compiler/ti-cgt-arm_16.9.2.LTS/include" --include_path="C:/TICCS/TM4C1294XL Kit/examples/boards/ek-tm4c1294xl" --include_path="C:/TICCS/TM4C1294XL Kit" --advice:power=all --define=ccs="ccs" --define=PART_TM4C1294NCPDT --define=TARGET_IS_TM4C129_RA0 -g --gcc --diag_warning=225 --diag_wrap=off --display_error_number --gen_func_subsections=on --abi=eabi --ual --preproc_with_compile --preproc_dependency="utils/uartstdio.d" --obj_directory="utils"  "C:/TICCS/TM4C1294XL Kit/utils/uartstdio.c"
"C:/TICCS/TM4C1294XL Kit/utils/uartstdio.c", line 668: remark #2623-D: (ULP 5.4) Detected an assignment to a type with size less than int. To avoid unnecessary sign extension, use int-sized types for local varaibles and convert to smaller types for static storage.
"C:/TICCS/TM4C1294XL Kit/utils/uartstdio.c", line 878: remark #1527-D: (ULP 2.1) Detected SW delay loop using empty loop. Recommend using a timer module instead
"C:/TICCS/TM4C1294XL Kit/utils/uartstdio.c", line 1044: remark #1527-D: (ULP 2.1) Detected SW delay loop using empty loop. Recommend using a timer module instead
"C:/TICCS/TM4C1294XL Kit/utils/uartstdio.c", line 1139: remark #1527-D: (ULP 2.1) Detected SW delay loop using empty loop. Recommend using a timer module instead
"C:/TICCS/TM4C1294XL Kit/utils/uartstdio.c", line 134: remark #1534-D: (ULP 7.1) Detected use of global variable "g_pcHex" within one function "UARTvprintf". Recommend placing variable in the function locally
'Finished building: C:/TICCS/TM4C1294XL Kit/utils/uartstdio.c'
' '
'Building target: hello.out'
'Invoking: ARM Linker'
"C:/TICCS/ccsv7/tools/compiler/ti-cgt-arm_16.9.2.LTS/bin/armcl" -mv7M4 --code_state=16 --float_support=FPv4SPD16 -me -O2 --advice:power=all --define=ccs="ccs" --define=PART_TM4C1294NCPDT --define=TARGET_IS_TM4C129_RA0 -g --gcc --diag_warning=225 --diag_wrap=off --display_error_number --gen_func_subsections=on --abi=eabi --ual -z -m"hello_ccs.map" --heap_size=0 --stack_size=512 -i"C:/TICCS/ccsv7/tools/compiler/ti-cgt-arm_16.9.2.LTS/lib" -i"C:/TICCS/ccsv7/tools/compiler/ti-cgt-arm_16.9.2.LTS/include" --reread_libs --diag_wrap=off --display_error_number --warn_sections --xml_link_info="hello_linkInfo.xml" --rom_model -o "hello.out" "./hello.obj" "./startup_ccs.obj" "./drivers/pinout.obj" "./utils/uartstdio.obj" "../hello_ccs.cmd"  -llibc.a -l"C:/TICCS/TM4C1294XL Kit/driverlib/ccs/Debug/driverlib.lib" 
<Linking>
remark #10371-D: (ULP 1.1) Detected no uses of low power mode state changing instructions
'Finished building target: hello.out'
' '
"C:/TICCS/ccsv7/utils/tiobj2bin/tiobj2bin" "hello.out" "hello.bin" "C:/TICCS/ccsv7/tools/compiler/ti-cgt-arm_16.9.2.LTS/bin/armofd" "C:/TICCS/ccsv7/tools/compiler/ti-cgt-arm_16.9.2.LTS/bin/armhex" "C:/TICCS/ccsv7/utils/tiobj2bin/mkhex4bin"
' '

**** Build Finished ****

**** Build of configuration Debug for project HyperloopTM4C ****

"C:\\TICCS\\ccsv7\\utils\\bin\\gmake" -k all 
'Building file: ../main.c'
'Invoking: ARM Compiler'
"C:/TICCS/ccsv7/tools/compiler/ti-cgt-arm_16.9.2.LTS/bin/armcl" -mv7M4 --code_state=16 --float_support=FPv4SPD16 -me -O2 --include_path="C:/TICCS/ccsv7/tools/compiler/ti-cgt-arm_16.9.2.LTS/include" --include_path="C:/TICCS/TM4C1294XL Kit/examples/boards/ek-tm4c1294xl" --include_path="C:/TICCS/TM4C1294XL Kit" --advice:power=all --define=ccs="ccs" --define=PART_TM4C1294NCPDT --define=TARGET_IS_TM4C129_RA0 -g --gcc --diag_warning=225 --diag_wrap=off --display_error_number --gen_func_subsections=on --abi=eabi --ual --preproc_with_compile --preproc_dependency="main.d"  "../main.c"

>> Compilation failure
subdir_rules.mk:9: recipe for target 'main.obj' failed
"../main.c", line 13: fatal error #1965: cannot open source file "arpa/inet.h"
1 catastrophic error detected in the compilation of "../main.c".
Compilation terminated.
gmake: *** [main.obj] Error 1
gmake: Target 'all' not remade because of errors.

**** Build Finished ****

**** Build of configuration Debug for project blinky ****

"C:\\TICCS\\ccsv7\\utils\\bin\\gmake" -k all 
gmake: Nothing to be done for 'all'.

**** Build Finished ****

**** Build of configuration Debug for project driverlib ****

"C:\\TICCS\\ccsv7\\utils\\bin\\gmake" -k all 
gmake: Nothing to be done for 'all'.

**** Build Finished ****

**** Build of configuration Debug for project hello ****

"C:\\TICCS\\ccsv7\\utils\\bin\\gmake" -k all 
gmake: Nothing to be done for 'all'.

**** Build Finished ****

**** Build of configuration Debug for project HyperloopTM4C ****

"C:\\TICCS\\ccsv7\\utils\\bin\\gmake" -k all 
'Building file: ../main.c'
'Invoking: ARM Compiler'
"C:/TICCS/ccsv7/tools/compiler/ti-cgt-arm_16.9.2.LTS/bin/armcl" -mv7M4 --code_state=16 --float_support=FPv4SPD16 -me -O2 --include_path="C:/TICCS/ccsv7/tools/compiler/ti-cgt-arm_16.9.2.LTS/include" --include_path="C:/TICCS/TM4C1294XL Kit/examples/boards/ek-tm4c1294xl" --include_path="C:/TICCS/TM4C1294XL Kit" --advice:power=all --define=ccs="ccs" --define=PART_TM4C1294NCPDT --define=TARGET_IS_TM4C129_RA0 -g --gcc --diag_warning=225 --diag_wrap=off --display_error_number --gen_func_subsections=on --abi=eabi --ual --preproc_with_compile --preproc_dependency="main.d"  "../main.c"
'Finished building: ../main.c'
' '
'Building target: HyperloopTM4C.out'
'Invoking: ARM Linker'
"C:/TICCS/ccsv7/tools/compiler/ti-cgt-arm_16.9.2.LTS/bin/armcl" -mv7M4 --code_state=16 --float_support=FPv4SPD16 -me -O2 --advice:power=all --define=ccs="ccs" --define=PART_TM4C1294NCPDT --define=TARGET_IS_TM4C129_RA0 -g --gcc --diag_warning=225 --diag_wrap=off --display_error_number --gen_func_subsections=on --abi=eabi --ual -z -m"hello_ccs.map" --heap_size=0 --stack_size=512 -i"C:/TICCS/ccsv7/tools/compiler/ti-cgt-arm_16.9.2.LTS/lib" -i"C:/TICCS/ccsv7/tools/compiler/ti-cgt-arm_16.9.2.LTS/include" --reread_libs --diag_wrap=off --display_error_number --warn_sections --xml_link_info="HyperloopTM4C_linkInfo.xml" --rom_model -o "HyperloopTM4C.out" "./main.obj" "./startup_ccs.obj" "./drivers/pinout.obj" "./utils/uartstdio.obj" "../HyperloopTM4C_ccs.cmd"  -llibc.a -l"C:/TICCS/TM4C1294XL Kit/driverlib/ccs/Debug/driverlib.lib" 
<Linking>
remark #10371-D: (ULP 1.1) Detected no uses of low power mode state changing instructions
'Finished building target: HyperloopTM4C.out'
' '
"C:/TICCS/ccsv7/utils/tiobj2bin/tiobj2bin" "HyperloopTM4C.out" "HyperloopTM4C.bin" "C:/TICCS/ccsv7/tools/compiler/ti-cgt-arm_16.9.2.LTS/bin/armofd" "C:/TICCS/ccsv7/tools/compiler/ti-cgt-arm_16.9.2.LTS/bin/armhex" "C:/TICCS/ccsv7/utils/tiobj2bin/mkhex4bin"
' '

**** Build Finished ****

**** Build of configuration Debug for project blinky ****

"C:\\TICCS\\ccsv7\\utils\\bin\\gmake" -k all 
gmake: Nothing to be done for 'all'.

**** Build Finished ****

**** Build of configuration Debug for project driverlib ****

"C:\\TICCS\\ccsv7\\utils\\bin\\gmake" -k all 
gmake: Nothing to be done for 'all'.

**** Build Finished ****

**** Build of configuration Debug for project hello ****

"C:\\TICCS\\ccsv7\\utils\\bin\\gmake" -k all 
gmake: Nothing to be done for 'all'.

**** Build Finished ****

**** Build of configuration Debug for project HyperloopTM4C ****

"C:\\TICCS\\ccsv7\\utils\\bin\\gmake" -k all 
'Building file: ../main.c'
'Invoking: ARM Compiler'
"C:/TICCS/ccsv7/tools/compiler/ti-cgt-arm_16.9.2.LTS/bin/armcl" -mv7M4 --code_state=16 --float_support=FPv4SPD16 -me -O2 --include_path="C:/TICCS/ccsv7/tools/compiler/ti-cgt-arm_16.9.2.LTS/include" --include_path="C:/TICCS/TM4C1294XL Kit/examples/boards/ek-tm4c1294xl" --include_path="C:/TICCS/TM4C1294XL Kit" --advice:power=all --define=ccs="ccs" --define=PART_TM4C1294NCPDT --define=TARGET_IS_TM4C129_RA0 -g --gcc --diag_warning=225 --diag_wrap=off --display_error_number --gen_func_subsections=on --abi=eabi --ual --preproc_with_compile --preproc_dependency="main.d"  "../main.c"
'Finished building: ../main.c'
' '
'Building target: HyperloopTM4C.out'
'Invoking: ARM Linker'
"C:/TICCS/ccsv7/tools/compiler/ti-cgt-arm_16.9.2.LTS/bin/armcl" -mv7M4 --code_state=16 --float_support=FPv4SPD16 -me -O2 --advice:power=all --define=ccs="ccs" --define=PART_TM4C1294NCPDT --define=TARGET_IS_TM4C129_RA0 -g --gcc --diag_warning=225 --diag_wrap=off --display_error_number --gen_func_subsections=on --abi=eabi --ual -z -m"hello_ccs.map" --heap_size=0 --stack_size=512 -i"C:/TICCS/ccsv7/tools/compiler/ti-cgt-arm_16.9.2.LTS/lib" -i"C:/TICCS/ccsv7/tools/compiler/ti-cgt-arm_16.9.2.LTS/include" --reread_libs --diag_wrap=off --display_error_number --warn_sections --xml_link_info="HyperloopTM4C_linkInfo.xml" --rom_model -o "HyperloopTM4C.out" "./main.obj" "./startup_ccs.obj" "./drivers/pinout.obj" "./utils/uartstdio.obj" "../HyperloopTM4C_ccs.cmd"  -llibc.a -l"C:/TICCS/TM4C1294XL Kit/driverlib/ccs/Debug/driverlib.lib" 
<Linking>
remark #10371-D: (ULP 1.1) Detected no uses of low power mode state changing instructions
'Finished building target: HyperloopTM4C.out'
' '
"C:/TICCS/ccsv7/utils/tiobj2bin/tiobj2bin" "HyperloopTM4C.out" "HyperloopTM4C.bin" "C:/TICCS/ccsv7/tools/compiler/ti-cgt-arm_16.9.2.LTS/bin/armofd" "C:/TICCS/ccsv7/tools/compiler/ti-cgt-arm_16.9.2.LTS/bin/armhex" "C:/TICCS/ccsv7/utils/tiobj2bin/mkhex4bin"
' '

**** Build Finished ****

**** Build of configuration Debug for project HyperloopTM4C ****

"C:\\TICCS\\ccsv7\\utils\\bin\\gmake" -k all 
'Building file: ../main.c'
'Invoking: ARM Compiler'
"C:/TICCS/ccsv7/tools/compiler/ti-cgt-arm_16.9.2.LTS/bin/armcl" -mv7M4 --code_state=16 --float_support=FPv4SPD16 -me -O2 --include_path="C:/TICCS/ccsv7/tools/compiler/ti-cgt-arm_16.9.2.LTS/include" --include_path="C:/TICCS/TM4C1294XL Kit/examples/boards/ek-tm4c1294xl" --include_path="C:/TICCS/TM4C1294XL Kit" --advice:power=all --define=ccs="ccs" --define=PART_TM4C1294NCPDT --define=TARGET_IS_TM4C129_RA0 -g --gcc --diag_warning=225 --diag_wrap=off --display_error_number --gen_func_subsections=on --abi=eabi --ual --preproc_with_compile --preproc_dependency="main.d"  "../main.c"
'Finished building: ../main.c'
' '
'Building target: HyperloopTM4C.out'
'Invoking: ARM Linker'
"C:/TICCS/ccsv7/tools/compiler/ti-cgt-arm_16.9.2.LTS/bin/armcl" -mv7M4 --code_state=16 --float_support=FPv4SPD16 -me -O2 --advice:power=all --define=ccs="ccs" --define=PART_TM4C1294NCPDT --define=TARGET_IS_TM4C129_RA0 -g --gcc --diag_warning=225 --diag_wrap=off --display_error_number --gen_func_subsections=on --abi=eabi --ual -z -m"hello_ccs.map" --heap_size=0 --stack_size=512 -i"C:/TICCS/ccsv7/tools/compiler/ti-cgt-arm_16.9.2.LTS/lib" -i"C:/TICCS/ccsv7/tools/compiler/ti-cgt-arm_16.9.2.LTS/include" --reread_libs --diag_wrap=off --display_error_number --warn_sections --xml_link_info="HyperloopTM4C_linkInfo.xml" --rom_model -o "HyperloopTM4C.out" "./main.obj" "./startup_ccs.obj" "./drivers/pinout.obj" "./utils/uartstdio.obj" "../HyperloopTM4C_ccs.cmd"  -llibc.a -l"C:/TICCS/TM4C1294XL Kit/driverlib/ccs/Debug/driverlib.lib" 
<Linking>
remark #10371-D: (ULP 1.1) Detected no uses of low power mode state changing instructions
'Finished building target: HyperloopTM4C.out'
' '
"C:/TICCS/ccsv7/utils/tiobj2bin/tiobj2bin" "HyperloopTM4C.out" "HyperloopTM4C.bin" "C:/TICCS/ccsv7/tools/compiler/ti-cgt-arm_16.9.2.LTS/bin/armofd" "C:/TICCS/ccsv7/tools/compiler/ti-cgt-arm_16.9.2.LTS/bin/armhex" "C:/TICCS/ccsv7/utils/tiobj2bin/mkhex4bin"
' '

**** Build Finished ****

**** Build of configuration Debug for project blinky ****

"C:\\TICCS\\ccsv7\\utils\\bin\\gmake" -k all 
gmake: Nothing to be done for 'all'.

**** Build Finished ****

**** Build of configuration Debug for project driverlib ****

"C:\\TICCS\\ccsv7\\utils\\bin\\gmake" -k all 
gmake: Nothing to be done for 'all'.

**** Build Finished ****

**** Build of configuration Debug for project hello ****

"C:\\TICCS\\ccsv7\\utils\\bin\\gmake" -k all 
gmake: Nothing to be done for 'all'.

**** Build Finished ****

**** Build of configuration Debug for project HyperloopTM4C ****

"C:\\TICCS\\ccsv7\\utils\\bin\\gmake" -k all 
'Building file: ../main.c'
'Invoking: ARM Compiler'
"C:/TICCS/ccsv7/tools/compiler/ti-cgt-arm_16.9.2.LTS/bin/armcl" -mv7M4 --code_state=16 --float_support=FPv4SPD16 -me -O2 --include_path="C:/TICCS/ccsv7/tools/compiler/ti-cgt-arm_16.9.2.LTS/include" --include_path="C:/TICCS/TM4C1294XL Kit/examples/boards/ek-tm4c1294xl" --include_path="C:/TICCS/TM4C1294XL Kit" --advice:power=all --define=ccs="ccs" --define=PART_TM4C1294NCPDT --define=TARGET_IS_TM4C129_RA0 -g --gcc --diag_warning=225 --diag_wrap=off --display_error_number --gen_func_subsections=on --abi=eabi --ual --preproc_with_compile --preproc_dependency="main.d"  "../main.c"
'Finished building: ../main.c'
' '
'Building target: HyperloopTM4C.out'
'Invoking: ARM Linker'
"C:/TICCS/ccsv7/tools/compiler/ti-cgt-arm_16.9.2.LTS/bin/armcl" -mv7M4 --code_state=16 --float_support=FPv4SPD16 -me -O2 --advice:power=all --define=ccs="ccs" --define=PART_TM4C1294NCPDT --define=TARGET_IS_TM4C129_RA0 -g --gcc --diag_warning=225 --diag_wrap=off --display_error_number --gen_func_subsections=on --abi=eabi --ual -z -m"hello_ccs.map" --heap_size=0 --stack_size=512 -i"C:/TICCS/ccsv7/tools/compiler/ti-cgt-arm_16.9.2.LTS/lib" -i"C:/TICCS/ccsv7/tools/compiler/ti-cgt-arm_16.9.2.LTS/include" --reread_libs --diag_wrap=off --display_error_number --warn_sections --xml_link_info="HyperloopTM4C_linkInfo.xml" --rom_model -o "HyperloopTM4C.out" "./main.obj" "./startup_ccs.obj" "./drivers/pinout.obj" "./utils/uartstdio.obj" "../HyperloopTM4C_ccs.cmd"  -llibc.a -l"C:/TICCS/TM4C1294XL Kit/driverlib/ccs/Debug/driverlib.lib" 
<Linking>
remark #10371-D: (ULP 1.1) Detected no uses of low power mode state changing instructions
'Finished building target: HyperloopTM4C.out'
' '
"C:/TICCS/ccsv7/utils/tiobj2bin/tiobj2bin" "HyperloopTM4C.out" "HyperloopTM4C.bin" "C:/TICCS/ccsv7/tools/compiler/ti-cgt-arm_16.9.2.LTS/bin/armofd" "C:/TICCS/ccsv7/tools/compiler/ti-cgt-arm_16.9.2.LTS/bin/armhex" "C:/TICCS/ccsv7/utils/tiobj2bin/mkhex4bin"
' '

**** Build Finished ****

**** Build of configuration Debug for project blinky ****

"C:\\TICCS\\ccsv7\\utils\\bin\\gmake" -k all 
gmake: Nothing to be done for 'all'.

**** Build Finished ****

**** Build of configuration Debug for project driverlib ****

"C:\\TICCS\\ccsv7\\utils\\bin\\gmake" -k all 
gmake: Nothing to be done for 'all'.

**** Build Finished ****

**** Build of configuration Debug for project hello ****

"C:\\TICCS\\ccsv7\\utils\\bin\\gmake" -k all 
gmake: Nothing to be done for 'all'.

**** Build Finished ****

**** Build of configuration Debug for project HyperloopTM4C ****

"C:\\TICCS\\ccsv7\\utils\\bin\\gmake" -k all 
'Building file: ../main.c'
'Invoking: ARM Compiler'
"C:/TICCS/ccsv7/tools/compiler/ti-cgt-arm_16.9.2.LTS/bin/armcl" -mv7M4 --code_state=16 --float_support=FPv4SPD16 -me -O2 --include_path="C:/TICCS/ccsv7/tools/compiler/ti-cgt-arm_16.9.2.LTS/include" --include_path="C:/TICCS/TM4C1294XL Kit/examples/boards/ek-tm4c1294xl" --include_path="C:/TICCS/TM4C1294XL Kit" --advice:power=all --define=ccs="ccs" --define=PART_TM4C1294NCPDT --define=TARGET_IS_TM4C129_RA0 -g --gcc --diag_warning=225 --diag_wrap=off --display_error_number --gen_func_subsections=on --abi=eabi --ual --preproc_with_compile --preproc_dependency="main.d"  "../main.c"
'Finished building: ../main.c'
' '
'Building target: HyperloopTM4C.out'
'Invoking: ARM Linker'
"C:/TICCS/ccsv7/tools/compiler/ti-cgt-arm_16.9.2.LTS/bin/armcl" -mv7M4 --code_state=16 --float_support=FPv4SPD16 -me -O2 --advice:power=all --define=ccs="ccs" --define=PART_TM4C1294NCPDT --define=TARGET_IS_TM4C129_RA0 -g --gcc --diag_warning=225 --diag_wrap=off --display_error_number --gen_func_subsections=on --abi=eabi --ual -z -m"hello_ccs.map" --heap_size=0 --stack_size=512 -i"C:/TICCS/ccsv7/tools/compiler/ti-cgt-arm_16.9.2.LTS/lib" -i"C:/TICCS/ccsv7/tools/compiler/ti-cgt-arm_16.9.2.LTS/include" --reread_libs --diag_wrap=off --display_error_number --warn_sections --xml_link_info="HyperloopTM4C_linkInfo.xml" --rom_model -o "HyperloopTM4C.out" "./main.obj" "./startup_ccs.obj" "./drivers/pinout.obj" "./utils/uartstdio.obj" "../HyperloopTM4C_ccs.cmd"  -llibc.a -l"C:/TICCS/TM4C1294XL Kit/driverlib/ccs/Debug/driverlib.lib" 
<Linking>
remark #10371-D: (ULP 1.1) Detected no uses of low power mode state changing instructions
'Finished building target: HyperloopTM4C.out'
' '
"C:/TICCS/ccsv7/utils/tiobj2bin/tiobj2bin" "HyperloopTM4C.out" "HyperloopTM4C.bin" "C:/TICCS/ccsv7/tools/compiler/ti-cgt-arm_16.9.2.LTS/bin/armofd" "C:/TICCS/ccsv7/tools/compiler/ti-cgt-arm_16.9.2.LTS/bin/armhex" "C:/TICCS/ccsv7/utils/tiobj2bin/mkhex4bin"
' '

**** Build Finished ****

**** Build of configuration Debug for project blinky ****

"C:\\TICCS\\ccsv7\\utils\\bin\\gmake" -k all 
gmake: Nothing to be done for 'all'.

**** Build Finished ****

**** Build of configuration Debug for project driverlib ****

"C:\\TICCS\\ccsv7\\utils\\bin\\gmake" -k all 
gmake: Nothing to be done for 'all'.

**** Build Finished ****

**** Build of configuration Debug for project hello ****

"C:\\TICCS\\ccsv7\\utils\\bin\\gmake" -k all 
gmake: Nothing to be done for 'all'.

**** Build Finished ****

**** Build of configuration Debug for project HyperloopTM4C ****

"C:\\TICCS\\ccsv7\\utils\\bin\\gmake" -k all 
'Building file: ../main.c'
'Invoking: ARM Compiler'
"C:/TICCS/ccsv7/tools/compiler/ti-cgt-arm_16.9.2.LTS/bin/armcl" -mv7M4 --code_state=16 --float_support=FPv4SPD16 -me -O2 --include_path="C:/TICCS/ccsv7/tools/compiler/ti-cgt-arm_16.9.2.LTS/include" --include_path="C:/TICCS/TM4C1294XL Kit/examples/boards/ek-tm4c1294xl" --include_path="C:/TICCS/TM4C1294XL Kit" --advice:power=all --define=ccs="ccs" --define=PART_TM4C1294NCPDT --define=TARGET_IS_TM4C129_RA0 -g --gcc --diag_warning=225 --diag_wrap=off --display_error_number --gen_func_subsections=on --abi=eabi --ual --preproc_with_compile --preproc_dependency="main.d"  "../main.c"

>> Compilation failure
subdir_rules.mk:9: recipe for target 'main.obj' failed
"../main.c", line 52: error #20: identifier "GPIO_BASE" is undefined
"../main.c", line 52: error #167: too few arguments in function call
"../main.c", line 52: error #18: expected a ")"
3 errors detected in the compilation of "../main.c".
gmake: *** [main.obj] Error 1
gmake: Target 'all' not remade because of errors.

**** Build Finished ****

**** Build of configuration Debug for project blinky ****

"C:\\TICCS\\ccsv7\\utils\\bin\\gmake" -k all 
gmake: Nothing to be done for 'all'.

**** Build Finished ****

**** Build of configuration Debug for project driverlib ****

"C:\\TICCS\\ccsv7\\utils\\bin\\gmake" -k all 
gmake: Nothing to be done for 'all'.

**** Build Finished ****

**** Build of configuration Debug for project hello ****

"C:\\TICCS\\ccsv7\\utils\\bin\\gmake" -k all 
gmake: Nothing to be done for 'all'.

**** Build Finished ****

**** Build of configuration Debug for project HyperloopTM4C ****

"C:\\TICCS\\ccsv7\\utils\\bin\\gmake" -k all 
'Building file: ../main.c'
'Invoking: ARM Compiler'
"C:/TICCS/ccsv7/tools/compiler/ti-cgt-arm_16.9.2.LTS/bin/armcl" -mv7M4 --code_state=16 --float_support=FPv4SPD16 -me -O2 --include_path="C:/TICCS/ccsv7/tools/compiler/ti-cgt-arm_16.9.2.LTS/include" --include_path="C:/TICCS/TM4C1294XL Kit/examples/boards/ek-tm4c1294xl" --include_path="C:/TICCS/TM4C1294XL Kit" --advice:power=all --define=ccs="ccs" --define=PART_TM4C1294NCPDT --define=TARGET_IS_TM4C129_RA0 -g --gcc --diag_warning=225 --diag_wrap=off --display_error_number --gen_func_subsections=on --abi=eabi --ual --preproc_with_compile --preproc_dependency="main.d"  "../main.c"

>> Compilation failure
subdir_rules.mk:9: recipe for target 'main.obj' failed
"../main.c", line 15: error #53: expected a macro parameter name
"../main.c", line 15: error #53: expected a macro parameter name
"../main.c", line 52: error #20: identifier "GPIO_BASE" is undefined
"../main.c", line 52: error #167: too few arguments in function call
"../main.c", line 52: error #18: expected a ")"
5 errors detected in the compilation of "../main.c".
gmake: *** [main.obj] Error 1
gmake: Target 'all' not remade because of errors.

**** Build Finished ****

**** Build of configuration Debug for project blinky ****

"C:\\TICCS\\ccsv7\\utils\\bin\\gmake" -k all 
gmake: Nothing to be done for 'all'.

**** Build Finished ****

**** Build of configuration Debug for project driverlib ****

"C:\\TICCS\\ccsv7\\utils\\bin\\gmake" -k all 
gmake: Nothing to be done for 'all'.

**** Build Finished ****

**** Build of configuration Debug for project hello ****

"C:\\TICCS\\ccsv7\\utils\\bin\\gmake" -k all 
gmake: Nothing to be done for 'all'.

**** Build Finished ****

**** Build of configuration Debug for project HyperloopTM4C ****

"C:\\TICCS\\ccsv7\\utils\\bin\\gmake" -k all 
'Building file: ../main.c'
'Invoking: ARM Compiler'
"C:/TICCS/ccsv7/tools/compiler/ti-cgt-arm_16.9.2.LTS/bin/armcl" -mv7M4 --code_state=16 --float_support=FPv4SPD16 -me -O2 --include_path="C:/TICCS/ccsv7/tools/compiler/ti-cgt-arm_16.9.2.LTS/include" --include_path="C:/TICCS/TM4C1294XL Kit/examples/boards/ek-tm4c1294xl" --include_path="C:/TICCS/TM4C1294XL Kit" --advice:power=all --define=ccs="ccs" --define=PART_TM4C1294NCPDT --define=TARGET_IS_TM4C129_RA0 -g --gcc --diag_warning=225 --diag_wrap=off --display_error_number --gen_func_subsections=on --abi=eabi --ual --preproc_with_compile --preproc_dependency="main.d"  "../main.c"

>> Compilation failure
subdir_rules.mk:9: recipe for target 'main.obj' failed
"../main.c", line 15: error #53: expected a macro parameter name
"../main.c", line 52: error #20: identifier "GPIO_BASE" is undefined
"../main.c", line 52: error #167: too few arguments in function call
"../main.c", line 52: error #18: expected a ")"
4 errors detected in the compilation of "../main.c".
gmake: *** [main.obj] Error 1
gmake: Target 'all' not remade because of errors.

**** Build Finished ****

**** Build of configuration Debug for project blinky ****

"C:\\TICCS\\ccsv7\\utils\\bin\\gmake" -k all 
gmake: Nothing to be done for 'all'.

**** Build Finished ****

**** Build of configuration Debug for project driverlib ****

"C:\\TICCS\\ccsv7\\utils\\bin\\gmake" -k all 
gmake: Nothing to be done for 'all'.

**** Build Finished ****

**** Build of configuration Debug for project hello ****

"C:\\TICCS\\ccsv7\\utils\\bin\\gmake" -k all 
gmake: Nothing to be done for 'all'.

**** Build Finished ****

**** Build of configuration Debug for project HyperloopTM4C ****

"C:\\TICCS\\ccsv7\\utils\\bin\\gmake" -k all 
'Building file: ../main.c'
'Invoking: ARM Compiler'
"C:/TICCS/ccsv7/tools/compiler/ti-cgt-arm_16.9.2.LTS/bin/armcl" -mv7M4 --code_state=16 --float_support=FPv4SPD16 -me -O2 --include_path="C:/TICCS/ccsv7/tools/compiler/ti-cgt-arm_16.9.2.LTS/include" --include_path="C:/TICCS/TM4C1294XL Kit/examples/boards/ek-tm4c1294xl" --include_path="C:/TICCS/TM4C1294XL Kit" --advice:power=all --define=ccs="ccs" --define=PART_TM4C1294NCPDT --define=TARGET_IS_TM4C129_RA0 -g --gcc --diag_warning=225 --diag_wrap=off --display_error_number --gen_func_subsections=on --abi=eabi --ual --preproc_with_compile --preproc_dependency="main.d"  "../main.c"

>> Compilation failure
subdir_rules.mk:9: recipe for target 'main.obj' failed
"../main.c", line 52: error #20: identifier "GPIO_BASEA_BASE" is undefined
"../main.c", line 52: error #20: identifier "GPIO_PIN_" is undefined
"../main.c", line 52: error #18: expected a ")"
3 errors detected in the compilation of "../main.c".
gmake: *** [main.obj] Error 1
gmake: Target 'all' not remade because of errors.

**** Build Finished ****

**** Build of configuration Debug for project blinky ****

"C:\\TICCS\\ccsv7\\utils\\bin\\gmake" -k all 
gmake: Nothing to be done for 'all'.

**** Build Finished ****

**** Build of configuration Debug for project driverlib ****

"C:\\TICCS\\ccsv7\\utils\\bin\\gmake" -k all 
gmake: Nothing to be done for 'all'.

**** Build Finished ****

**** Build of configuration Debug for project hello ****

"C:\\TICCS\\ccsv7\\utils\\bin\\gmake" -k all 
gmake: Nothing to be done for 'all'.

**** Build Finished ****

**** Build of configuration Debug for project HyperloopTM4C ****

"C:\\TICCS\\ccsv7\\utils\\bin\\gmake" -k all 
'Building file: ../main.c'
'Invoking: ARM Compiler'
"C:/TICCS/ccsv7/tools/compiler/ti-cgt-arm_16.9.2.LTS/bin/armcl" -mv7M4 --code_state=16 --float_support=FPv4SPD16 -me -O2 --include_path="C:/TICCS/ccsv7/tools/compiler/ti-cgt-arm_16.9.2.LTS/include" --include_path="C:/TICCS/TM4C1294XL Kit/examples/boards/ek-tm4c1294xl" --include_path="C:/TICCS/TM4C1294XL Kit" --advice:power=all --define=ccs="ccs" --define=PART_TM4C1294NCPDT --define=TARGET_IS_TM4C129_RA0 -g --gcc --diag_warning=225 --diag_wrap=off --display_error_number --gen_func_subsections=on --abi=eabi --ual --preproc_with_compile --preproc_dependency="main.d"  "../main.c"

>> Compilation failure
subdir_rules.mk:9: recipe for target 'main.obj' failed
"../main.c", line 16: error #53: expected a macro parameter name
"../main.c", line 52: error #20: identifier "A_BASE" is undefined
"../main.c", line 52: error #20: identifier "GPIO_PIN_" is undefined
"../main.c", line 52: error #18: expected a ")"
4 errors detected in the compilation of "../main.c".
gmake: *** [main.obj] Error 1
gmake: Target 'all' not remade because of errors.

**** Build Finished ****

**** Build of configuration Debug for project blinky ****

"C:\\TICCS\\ccsv7\\utils\\bin\\gmake" -k all 
gmake: Nothing to be done for 'all'.

**** Build Finished ****

**** Build of configuration Debug for project driverlib ****

"C:\\TICCS\\ccsv7\\utils\\bin\\gmake" -k all 
gmake: Nothing to be done for 'all'.

**** Build Finished ****

**** Build of configuration Debug for project hello ****

"C:\\TICCS\\ccsv7\\utils\\bin\\gmake" -k all 
gmake: Nothing to be done for 'all'.

**** Build Finished ****

**** Build of configuration Debug for project HyperloopTM4C ****

"C:\\TICCS\\ccsv7\\utils\\bin\\gmake" -k all 
'Building file: ../main.c'
'Invoking: ARM Compiler'
"C:/TICCS/ccsv7/tools/compiler/ti-cgt-arm_16.9.2.LTS/bin/armcl" -mv7M4 --code_state=16 --float_support=FPv4SPD16 -me -O2 --include_path="C:/TICCS/ccsv7/tools/compiler/ti-cgt-arm_16.9.2.LTS/include" --include_path="C:/TICCS/TM4C1294XL Kit/examples/boards/ek-tm4c1294xl" --include_path="C:/TICCS/TM4C1294XL Kit" --advice:power=all --define=ccs="ccs" --define=PART_TM4C1294NCPDT --define=TARGET_IS_TM4C129_RA0 -g --gcc --diag_warning=225 --diag_wrap=off --display_error_number --gen_func_subsections=on --abi=eabi --ual --preproc_with_compile --preproc_dependency="main.d"  "../main.c"

>> Compilation failure
subdir_rules.mk:9: recipe for target 'main.obj' failed
"../main.c", line 15: error #53: expected a macro parameter name
"../main.c", line 16: error #53: expected a macro parameter name
"../main.c", line 52: warning #169-D: argument of type "char *" is incompatible with parameter of type "uint32_t"
"../main.c", line 52: error #167: too few arguments in function call
"../main.c", line 52: error #18: expected a ")"
4 errors detected in the compilation of "../main.c".
gmake: *** [main.obj] Error 1
gmake: Target 'all' not remade because of errors.

**** Build Finished ****

**** Build of configuration Debug for project blinky ****

"C:\\TICCS\\ccsv7\\utils\\bin\\gmake" -k all 
gmake: Nothing to be done for 'all'.

**** Build Finished ****

**** Build of configuration Debug for project driverlib ****

"C:\\TICCS\\ccsv7\\utils\\bin\\gmake" -k all 
gmake: Nothing to be done for 'all'.

**** Build Finished ****

**** Build of configuration Debug for project hello ****

"C:\\TICCS\\ccsv7\\utils\\bin\\gmake" -k all 
gmake: Nothing to be done for 'all'.

**** Build Finished ****

**** Build of configuration Debug for project HyperloopTM4C ****

"C:\\TICCS\\ccsv7\\utils\\bin\\gmake" -k all 
'Building file: ../main.c'
'Invoking: ARM Compiler'
"C:/TICCS/ccsv7/tools/compiler/ti-cgt-arm_16.9.2.LTS/bin/armcl" -mv7M4 --code_state=16 --float_support=FPv4SPD16 -me -O2 --include_path="C:/TICCS/ccsv7/tools/compiler/ti-cgt-arm_16.9.2.LTS/include" --include_path="C:/TICCS/TM4C1294XL Kit/examples/boards/ek-tm4c1294xl" --include_path="C:/TICCS/TM4C1294XL Kit" --advice:power=all --define=ccs="ccs" --define=PART_TM4C1294NCPDT --define=TARGET_IS_TM4C129_RA0 -g --gcc --diag_warning=225 --diag_wrap=off --display_error_number --gen_func_subsections=on --abi=eabi --ual --preproc_with_compile --preproc_dependency="main.d"  "../main.c"

>> Compilation failure
subdir_rules.mk:9: recipe for target 'main.obj' failed
"../main.c", line 52: error #20: identifier "GPIO_PIN_" is undefined
"../main.c", line 52: error #18: expected a ")"
2 errors detected in the compilation of "../main.c".
gmake: *** [main.obj] Error 1
gmake: Target 'all' not remade because of errors.

**** Build Finished ****

**** Build of configuration Debug for project blinky ****

"C:\\TICCS\\ccsv7\\utils\\bin\\gmake" -k all 
gmake: Nothing to be done for 'all'.

**** Build Finished ****

**** Build of configuration Debug for project driverlib ****

"C:\\TICCS\\ccsv7\\utils\\bin\\gmake" -k all 
gmake: Nothing to be done for 'all'.

**** Build Finished ****

**** Build of configuration Debug for project hello ****

"C:\\TICCS\\ccsv7\\utils\\bin\\gmake" -k all 
gmake: Nothing to be done for 'all'.

**** Build Finished ****

**** Build of configuration Debug for project HyperloopTM4C ****

"C:\\TICCS\\ccsv7\\utils\\bin\\gmake" -k all 
'Building file: ../main.c'
'Invoking: ARM Compiler'
"C:/TICCS/ccsv7/tools/compiler/ti-cgt-arm_16.9.2.LTS/bin/armcl" -mv7M4 --code_state=16 --float_support=FPv4SPD16 -me -O2 --include_path="C:/TICCS/ccsv7/tools/compiler/ti-cgt-arm_16.9.2.LTS/include" --include_path="C:/TICCS/TM4C1294XL Kit/examples/boards/ek-tm4c1294xl" --include_path="C:/TICCS/TM4C1294XL Kit" --advice:power=all --define=ccs="ccs" --define=PART_TM4C1294NCPDT --define=TARGET_IS_TM4C129_RA0 -g --gcc --diag_warning=225 --diag_wrap=off --display_error_number --gen_func_subsections=on --abi=eabi --ual --preproc_with_compile --preproc_dependency="main.d"  "../main.c"
'Finished building: ../main.c'
' '
'Building target: HyperloopTM4C.out'
'Invoking: ARM Linker'
"C:/TICCS/ccsv7/tools/compiler/ti-cgt-arm_16.9.2.LTS/bin/armcl" -mv7M4 --code_state=16 --float_support=FPv4SPD16 -me -O2 --advice:power=all --define=ccs="ccs" --define=PART_TM4C1294NCPDT --define=TARGET_IS_TM4C129_RA0 -g --gcc --diag_warning=225 --diag_wrap=off --display_error_number --gen_func_subsections=on --abi=eabi --ual -z -m"hello_ccs.map" --heap_size=0 --stack_size=512 -i"C:/TICCS/ccsv7/tools/compiler/ti-cgt-arm_16.9.2.LTS/lib" -i"C:/TICCS/ccsv7/tools/compiler/ti-cgt-arm_16.9.2.LTS/include" --reread_libs --diag_wrap=off --display_error_number --warn_sections --xml_link_info="HyperloopTM4C_linkInfo.xml" --rom_model -o "HyperloopTM4C.out" "./main.obj" "./startup_ccs.obj" "./drivers/pinout.obj" "./utils/uartstdio.obj" "../HyperloopTM4C_ccs.cmd"  -llibc.a -l"C:/TICCS/TM4C1294XL Kit/driverlib/ccs/Debug/driverlib.lib" 
<Linking>
remark #10371-D: (ULP 1.1) Detected no uses of low power mode state changing instructions
'Finished building target: HyperloopTM4C.out'
' '
"C:/TICCS/ccsv7/utils/tiobj2bin/tiobj2bin" "HyperloopTM4C.out" "HyperloopTM4C.bin" "C:/TICCS/ccsv7/tools/compiler/ti-cgt-arm_16.9.2.LTS/bin/armofd" "C:/TICCS/ccsv7/tools/compiler/ti-cgt-arm_16.9.2.LTS/bin/armhex" "C:/TICCS/ccsv7/utils/tiobj2bin/mkhex4bin"
' '

**** Build Finished ****

**** Build of configuration Debug for project blinky ****

"C:\\TICCS\\ccsv7\\utils\\bin\\gmake" -k all 
gmake: Nothing to be done for 'all'.

**** Build Finished ****

**** Build of configuration Debug for project driverlib ****

"C:\\TICCS\\ccsv7\\utils\\bin\\gmake" -k all 
gmake: Nothing to be done for 'all'.

**** Build Finished ****

**** Build of configuration Debug for project hello ****

"C:\\TICCS\\ccsv7\\utils\\bin\\gmake" -k all 
gmake: Nothing to be done for 'all'.

**** Build Finished ****

**** Build of configuration Debug for project HyperloopTM4C ****

"C:\\TICCS\\ccsv7\\utils\\bin\\gmake" -k all 
'Building file: ../main.c'
'Invoking: ARM Compiler'
"C:/TICCS/ccsv7/tools/compiler/ti-cgt-arm_16.9.2.LTS/bin/armcl" -mv7M4 --code_state=16 --float_support=FPv4SPD16 -me -O2 --include_path="C:/TICCS/ccsv7/tools/compiler/ti-cgt-arm_16.9.2.LTS/include" --include_path="C:/TICCS/TM4C1294XL Kit/examples/boards/ek-tm4c1294xl" --include_path="C:/TICCS/TM4C1294XL Kit" --advice:power=all --define=ccs="ccs" --define=PART_TM4C1294NCPDT --define=TARGET_IS_TM4C129_RA0 -g --gcc --diag_warning=225 --diag_wrap=off --display_error_number --gen_func_subsections=on --abi=eabi --ual --preproc_with_compile --preproc_dependency="main.d"  "../main.c"
'Finished building: ../main.c'
' '
'Building target: HyperloopTM4C.out'
'Invoking: ARM Linker'
"C:/TICCS/ccsv7/tools/compiler/ti-cgt-arm_16.9.2.LTS/bin/armcl" -mv7M4 --code_state=16 --float_support=FPv4SPD16 -me -O2 --advice:power=all --define=ccs="ccs" --define=PART_TM4C1294NCPDT --define=TARGET_IS_TM4C129_RA0 -g --gcc --diag_warning=225 --diag_wrap=off --display_error_number --gen_func_subsections=on --abi=eabi --ual -z -m"hello_ccs.map" --heap_size=0 --stack_size=512 -i"C:/TICCS/ccsv7/tools/compiler/ti-cgt-arm_16.9.2.LTS/lib" -i"C:/TICCS/ccsv7/tools/compiler/ti-cgt-arm_16.9.2.LTS/include" --reread_libs --diag_wrap=off --display_error_number --warn_sections --xml_link_info="HyperloopTM4C_linkInfo.xml" --rom_model -o "HyperloopTM4C.out" "./main.obj" "./startup_ccs.obj" "./drivers/pinout.obj" "./utils/uartstdio.obj" "../HyperloopTM4C_ccs.cmd"  -llibc.a -l"C:/TICCS/TM4C1294XL Kit/driverlib/ccs/Debug/driverlib.lib" 
<Linking>
remark #10371-D: (ULP 1.1) Detected no uses of low power mode state changing instructions
'Finished building target: HyperloopTM4C.out'
' '
"C:/TICCS/ccsv7/utils/tiobj2bin/tiobj2bin" "HyperloopTM4C.out" "HyperloopTM4C.bin" "C:/TICCS/ccsv7/tools/compiler/ti-cgt-arm_16.9.2.LTS/bin/armofd" "C:/TICCS/ccsv7/tools/compiler/ti-cgt-arm_16.9.2.LTS/bin/armhex" "C:/TICCS/ccsv7/utils/tiobj2bin/mkhex4bin"
' '

**** Build Finished ****

**** Build of configuration Debug for project blinky ****

"C:\\TICCS\\ccsv7\\utils\\bin\\gmake" -k all 
gmake: Nothing to be done for 'all'.

**** Build Finished ****

**** Build of configuration Debug for project driverlib ****

"C:\\TICCS\\ccsv7\\utils\\bin\\gmake" -k all 
gmake: Nothing to be done for 'all'.

**** Build Finished ****

**** Build of configuration Debug for project hello ****

"C:\\TICCS\\ccsv7\\utils\\bin\\gmake" -k all 
gmake: Nothing to be done for 'all'.

**** Build Finished ****
